AndroidAR/Temp/gradleOut/launcher/build/outputs/logs/manifest-merger-release-report.txt
-- Merging decision tree log ---
manifest
ADDED from src\main\AndroidManifest.xml:3:1-6:12
INJECTED from src\main\AndroidManifest.xml:3:1-6:12
INJECTED from src\main\AndroidManifest.xml:3:1-6:12
INJECTED from src\main\AndroidManifest.xml:3:1-6:12
MERGED from [:unityLibrary] AndroidManifest.xml:3:1-83:12
MERGED from [:arcore_client:] AndroidManifest.xml:17:1-49:12
MERGED from [:ARPresto:] AndroidManifest.xml:2:1-11:12
MERGED from [:unityandroidpermissions:] AndroidManifest.xml:6:1-15:12
MERGED from [:UnityARCore:] AndroidManifest.xml:2:1-11:12
INJECTED from src\main\AndroidManifest.xml:3:1-6:12
INJECTED from src\main\AndroidManifest.xml:3:1-6:12
INJECTED from src\main\AndroidManifest.xml:3:1-6:12
	package
		ADDED from src\main\AndroidManifest.xml:3:70-108
		INJECTED from src\main\AndroidManifest.xml
		INJECTED from src\main\AndroidManifest.xml
	android:versionName
		INJECTED from src\main\AndroidManifest.xml
		ADDED from src\main\AndroidManifest.xml:3:1-6:12
		INJECTED from src\main\AndroidManifest.xml
	xmlns:tools
		ADDED from src\main\AndroidManifest.xml:3:109-155
	android:versionCode
		INJECTED from src\main\AndroidManifest.xml
		ADDED from src\main\AndroidManifest.xml:3:1-6:12
		INJECTED from src\main\AndroidManifest.xml
	xmlns:android
		ADDED from src\main\AndroidManifest.xml:3:11-69
	android:installLocation
		ADDED from src\main\AndroidManifest.xml:3:156-196
supports-screens
ADDED from src\main\AndroidManifest.xml:4:3-163
	android:largeScreens
		ADDED from src\main\AndroidManifest.xml:4:78-105
	android:smallScreens
		ADDED from src\main\AndroidManifest.xml:4:21-48
	android:normalScreens
		ADDED from src\main\AndroidManifest.xml:4:49-77
	android:xlargeScreens
		ADDED from src\main\AndroidManifest.xml:4:106-134
	android:anyDensity
		ADDED from src\main\AndroidManifest.xml:4:135-160
application
ADDED from src\main\AndroidManifest.xml:5:3-116
MERGED from [:unityLibrary] AndroidManifest.xml:37:5-81:19
MERGED from [:unityLibrary] AndroidManifest.xml:37:5-81:19
MERGED from [:arcore_client:] AndroidManifest.xml:33:5-47:19
MERGED from [:arcore_client:] AndroidManifest.xml:33:5-47:19
	android:extractNativeLibs
		ADDED from src\main\AndroidManifest.xml:5:16-48
	android:label
		ADDED from src\main\AndroidManifest.xml:5:49-81
	android:icon
		ADDED from src\main\AndroidManifest.xml:5:82-113
uses-sdk
INJECTED from src\main\AndroidManifest.xml reason: use-sdk injection requested
INJECTED from src\main\AndroidManifest.xml
INJECTED from src\main\AndroidManifest.xml
MERGED from [:unityLibrary] AndroidManifest.xml:9:5-11:41
MERGED from [:unityLibrary] AndroidManifest.xml:9:5-11:41
MERGED from [:arcore_client:] AndroidManifest.xml:25:5-27:41
MERGED from [:arcore_client:] AndroidManifest.xml:25:5-27:41
MERGED from [:ARPresto:] AndroidManifest.xml:7:5-9:41
MERGED from [:ARPresto:] AndroidManifest.xml:7:5-9:41
MERGED from [:unityandroidpermissions:] AndroidManifest.xml:11:5-13:41
MERGED from [:unityandroidpermissions:] AndroidManifest.xml:11:5-13:41
MERGED from [:UnityARCore:] AndroidManifest.xml:7:5-9:41
MERGED from [:UnityARCore:] AndroidManifest.xml:7:5-9:41
INJECTED from src\main\AndroidManifest.xml
INJECTED from src\main\AndroidManifest.xml
	android:targetSdkVersion
		INJECTED from src\main\AndroidManifest.xml
		ADDED from src\main\AndroidManifest.xml
		INJECTED from src\main\AndroidManifest.xml
	android:minSdkVersion
		INJECTED from src\main\AndroidManifest.xml
		ADDED from src\main\AndroidManifest.xml
		INJECTED from src\main\AndroidManifest.xml
uses-feature#0x00030000
ADDED from [:unityLibrary] AndroidManifest.xml:13:5-54
	android:glEsVersion
		ADDED from [:unityLibrary] AndroidManifest.xml:13:19-51
uses-feature#android.software.home_screen
ADDED from [:unityLibrary] AndroidManifest.xml:14:5-65
	android:name
		ADDED from [:unityLibrary] AndroidManifest.xml:14:19-62
uses-permission#android.permission.INTERNET
ADDED from [:unityLibrary] AndroidManifest.xml:16:5-67
	android:name
		ADDED from [:unityLibrary] AndroidManifest.xml:16:22-64
uses-feature#android.hardware.touchscreen
ADDED from [:unityLibrary] AndroidManifest.xml:18:5-20:36
	android:required
		ADDED from [:unityLibrary] AndroidManifest.xml:20:9-33
	android:name
		ADDED from [:unityLibrary] AndroidManifest.xml:19:9-52
uses-feature#android.hardware.touchscreen.multitouch
ADDED from [:unityLibrary] AndroidManifest.xml:21:5-23:36
	android:required
		ADDED from [:unityLibrary] AndroidManifest.xml:23:9-33
	android:name
		ADDED from [:unityLibrary] AndroidManifest.xml:22:9-63
uses-feature#android.hardware.touchscreen.multitouch.distinct
ADDED from [:unityLibrary] AndroidManifest.xml:24:5-26:36
	android:required
		ADDED from [:unityLibrary] AndroidManifest.xml:26:9-33
	android:name
		ADDED from [:unityLibrary] AndroidManifest.xml:25:9-72
uses-permission#android.permission.CAMERA
ADDED from [:unityLibrary] AndroidManifest.xml:28:5-65
	android:name
		ADDED from [:unityLibrary] AndroidManifest.xml:28:22-62
uses-feature#android.hardware.camera.ar
ADDED from [:unityLibrary] AndroidManifest.xml:30:5-32:35
	android:required
		ADDED from [:unityLibrary] AndroidManifest.xml:32:9-32
	android:name
		ADDED from [:unityLibrary] AndroidManifest.xml:31:9-50
uses-feature#com.google.ar.core.depth
ADDED from [:unityLibrary] AndroidManifest.xml:33:5-35:35
	android:required
		ADDED from [:unityLibrary] AndroidManifest.xml:35:9-32
	android:name
		ADDED from [:unityLibrary] AndroidManifest.xml:34:9-48
activity#com.unity3d.player.UnityPlayerActivity
ADDED from [:unityLibrary] AndroidManifest.xml:38:9-58:20
	android:screenOrientation
		ADDED from [:unityLibrary] AndroidManifest.xml:44:13-51
	android:launchMode
		ADDED from [:unityLibrary] AndroidManifest.xml:42:13-44
	android:hardwareAccelerated
		ADDED from [:unityLibrary] AndroidManifest.xml:41:13-48
	android:resizeableActivity
		ADDED from [:unityLibrary] AndroidManifest.xml:43:13-47
	android:configChanges
		ADDED from [:unityLibrary] AndroidManifest.xml:40:13-194
	android:theme
		ADDED from [:unityLibrary] AndroidManifest.xml:45:13-54
	android:name
		ADDED from [:unityLibrary] AndroidManifest.xml:39:13-66
intent-filter#action:name:android.intent.action.MAIN+category:name:android.intent.category.LAUNCHER
ADDED from [:unityLibrary] AndroidManifest.xml:46:13-50:29
action#android.intent.action.MAIN
ADDED from [:unityLibrary] AndroidManifest.xml:47:17-69
	android:name
		ADDED from [:unityLibrary] AndroidManifest.xml:47:25-66
category#android.intent.category.LAUNCHER
ADDED from [:unityLibrary] AndroidManifest.xml:49:17-77
	android:name
		ADDED from [:unityLibrary] AndroidManifest.xml:49:27-74
meta-data#unityplayer.UnityActivity
ADDED from [:unityLibrary] AndroidManifest.xml:52:13-54:40
	android:value
		ADDED from [:unityLibrary] AndroidManifest.xml:54:17-37
	android:name
		ADDED from [:unityLibrary] AndroidManifest.xml:53:17-57
meta-data#android.notch_support
ADDED from [:unityLibrary] AndroidManifest.xml:55:13-57:40
	android:value
		ADDED from [:unityLibrary] AndroidManifest.xml:57:17-37
	android:name
		ADDED from [:unityLibrary] AndroidManifest.xml:56:17-53
meta-data#unity.splash-mode
ADDED from [:unityLibrary] AndroidManifest.xml:60:9-62:33
	android:value
		ADDED from [:unityLibrary] AndroidManifest.xml:62:13-30
	android:name
		ADDED from [:unityLibrary] AndroidManifest.xml:61:13-45
meta-data#unity.splash-enable
ADDED from [:unityLibrary] AndroidManifest.xml:63:9-65:36
	android:value
		ADDED from [:unityLibrary] AndroidManifest.xml:65:13-33
	android:name
		ADDED from [:unityLibrary] AndroidManifest.xml:64:13-47
meta-data#unity.allow-resizable-window
ADDED from [:unityLibrary] AndroidManifest.xml:66:9-68:37
	android:value
		ADDED from [:unityLibrary] AndroidManifest.xml:68:13-34
	android:name
		ADDED from [:unityLibrary] AndroidManifest.xml:67:13-56
meta-data#notch.config
ADDED from [:unityLibrary] AndroidManifest.xml:69:9-71:50
	android:value
		ADDED from [:unityLibrary] AndroidManifest.xml:71:13-47
	android:name
		ADDED from [:unityLibrary] AndroidManifest.xml:70:13-40
meta-data#unity.build-id
ADDED from [:unityLibrary] AndroidManifest.xml:72:9-74:68
	android:value
		ADDED from [:unityLibrary] AndroidManifest.xml:74:13-65
	android:name
		ADDED from [:unityLibrary] AndroidManifest.xml:73:13-42
meta-data#unityplayer.SkipPermissionsDialog
ADDED from [:unityLibrary] AndroidManifest.xml:75:9-77:36
	android:value
		ADDED from [:unityLibrary] AndroidManifest.xml:77:13-33
	android:name
		ADDED from [:unityLibrary] AndroidManifest.xml:76:13-61
meta-data#com.google.ar.core
ADDED from [:unityLibrary] AndroidManifest.xml:78:9-80:40
	android:value
		ADDED from [:unityLibrary] AndroidManifest.xml:80:13-37
	android:name
		ADDED from [:unityLibrary] AndroidManifest.xml:79:13-46
queries
ADDED from [:arcore_client:] AndroidManifest.xml:29:5-31:15
package#com.google.ar.core
ADDED from [:arcore_client:] AndroidManifest.xml:30:9-54
	android:name
		ADDED from [:arcore_client:] AndroidManifest.xml:30:18-51
meta-data#com.google.ar.core.min_apk_version
ADDED from [:arcore_client:] AndroidManifest.xml:36:9-38:41
	android:value
		ADDED from [:arcore_client:] AndroidManifest.xml:38:13-38
	android:name
		ADDED from [:arcore_client:] AndroidManifest.xml:37:13-62
activity#com.google.ar.core.InstallActivity
ADDED from [:arcore_client:] AndroidManifest.xml:40:9-46:80
	android:excludeFromRecents
		ADDED from [:arcore_client:] AndroidManifest.xml:43:13-46
	android:launchMode
		ADDED from [:arcore_client:] AndroidManifest.xml:45:13-43
	android:exported
		ADDED from [:arcore_client:] AndroidManifest.xml:44:13-37
	android:configChanges
		ADDED from [:arcore_client:] AndroidManifest.xml:42:13-74
	android:theme
		ADDED from [:arcore_client:] AndroidManifest.xml:46:13-77
	android:name
		ADDED from [:arcore_client:] AndroidManifest.xml:41:13-62